0 verbose cli C:\Program Files\nodejs\node.exe C:\Program Files\nodejs\node_modules\npm\bin\npm-cli.js
1 info using npm@11.13.0
2 info using node@v24.16.0
3 silly config load:file:C:\Program Files\nodejs\node_modules\npm\npmrc
4 silly config load:file:C:\Users\Norman\Documents\MarketPulse\.npmrc
5 silly config load:file:C:\Users\Norman\.npmrc
6 silly config load:file:C:\Users\Norman\AppData\Roaming\npm\etc\npmrc
7 verbose title npm install react-native-svg
8 verbose argv "install" "react-native-svg" "--cache" ".npm-cache"
9 verbose logfile logs-max:10 dir:C:\Users\Norman\Documents\MarketPulse\.npm-cache\_logs\2026-06-13T12_18_08_908Z-
10 verbose logfile C:\Users\Norman\Documents\MarketPulse\.npm-cache\_logs\2026-06-13T12_18_08_908Z-debug-0.log
11 silly logfile done cleaning log files
12 silly packumentCache heap:4496293888 maxSize:1124073472 maxEntrySize:562036736
13 silly idealTree buildDeps
14 silly fetch manifest react-native-svg@*
15 silly packumentCache full:https://registry.npmjs.org/react-native-svg cache-miss
16 http fetch GET 200 https://registry.npmjs.org/react-native-svg 603ms (cache miss)
17 silly packumentCache full:https://registry.npmjs.org/react-native-svg set size:undefined disposed:false
18 silly fetch manifest react@19.2.3
19 silly packumentCache full:https://registry.npmjs.org/react cache-miss
20 http fetch GET 200 https://registry.npmjs.org/react 210ms (cache updated)
21 silly packumentCache full:https://registry.npmjs.org/react set size:undefined disposed:false
22 silly fetch manifest react-native@0.85.3
23 silly packumentCache full:https://registry.npmjs.org/react-native cache-miss
24 http fetch GET 200 https://registry.npmjs.org/react-native 215ms (cache revalidated)
25 silly packumentCache full:https://registry.npmjs.org/react-native set size:15353811 disposed:false
26 silly fetch manifest @react-native/jest-preset@0.85.3
27 silly packumentCache full:https://registry.npmjs.org/@react-native%2fjest-preset cache-miss
28 http fetch GET 200 https://registry.npmjs.org/@react-native%2fjest-preset 53ms (cache revalidated)
29 silly packumentCache full:https://registry.npmjs.org/@react-native%2fjest-preset set size:197947 disposed:false
30 silly fetch manifest @types/react@~19.2.2
31 silly packumentCache full:https://registry.npmjs.org/@types%2freact cache-miss
32 http fetch GET 200 https://registry.npmjs.org/@types%2freact 61ms (cache revalidated)
33 silly packumentCache full:https://registry.npmjs.org/@types%2freact set size:2632776 disposed:false
34 silly placeDep ROOT react-native-svg@15.15.5 OK for: marketpulse@1.0.0 want: *
35 silly fetch manifest css-tree@^1.1.3
36 silly packumentCache full:https://registry.npmjs.org/css-tree cache-miss
37 silly fetch manifest css-select@^5.1.0
38 silly packumentCache full:https://registry.npmjs.org/css-select cache-miss
39 http fetch GET 200 https://registry.npmjs.org/css-tree 60ms (cache miss)
40 silly packumentCache full:https://registry.npmjs.org/css-tree set size:undefined disposed:false
41 http fetch GET 200 https://registry.npmjs.org/css-select 118ms (cache miss)
42 silly packumentCache full:https://registry.npmjs.org/css-select set size:undefined disposed:false
43 silly placeDep ROOT css-select@5.2.2 OK for: react-native-svg@15.15.5 want: ^5.1.0
44 silly placeDep ROOT css-tree@1.1.3 OK for: react-native-svg@15.15.5 want: ^1.1.3
45 silly fetch manifest boolbase@^1.0.0
46 silly packumentCache full:https://registry.npmjs.org/boolbase cache-miss
47 silly fetch manifest css-what@^6.1.0
48 silly packumentCache full:https://registry.npmjs.org/css-what cache-miss
49 silly fetch manifest domutils@^3.0.1
50 silly packumentCache full:https://registry.npmjs.org/domutils cache-miss
51 http fetch GET 200 https://registry.npmjs.org/boolbase 49ms (cache miss)
52 silly packumentCache full:https://registry.npmjs.org/boolbase set size:undefined disposed:false
53 silly fetch manifest nth-check@^2.0.1
54 silly packumentCache full:https://registry.npmjs.org/nth-check cache-miss
55 http fetch GET 200 https://registry.npmjs.org/css-what 66ms (cache miss)
56 silly packumentCache full:https://registry.npmjs.org/css-what set size:undefined disposed:false
57 silly fetch manifest domhandler@^5.0.2
58 silly packumentCache full:https://registry.npmjs.org/domhandler cache-miss
59 http fetch GET 200 https://registry.npmjs.org/nth-check 47ms (cache miss)
60 silly packumentCache full:https://registry.npmjs.org/nth-check set size:undefined disposed:false
61 silly fetch manifest mdn-data@2.0.14
62 silly packumentCache full:https://registry.npmjs.org/mdn-data cache-miss
63 http fetch GET 200 https://registry.npmjs.org/domhandler 53ms (cache miss)
64 silly packumentCache full:https://registry.npmjs.org/domhandler set size:undefined disposed:false
65 silly fetch manifest source-map@^0.6.1
66 silly packumentCache full:https://registry.npmjs.org/source-map cache-miss
67 http fetch GET 200 https://registry.npmjs.org/domutils 138ms (cache miss)
68 silly packumentCache full:https://registry.npmjs.org/domutils set size:undefined disposed:false
69 http fetch GET 200 https://registry.npmjs.org/mdn-data 74ms (cache miss)
70 silly packumentCache full:https://registry.npmjs.org/mdn-data set size:undefined disposed:false
71 http fetch GET 200 https://registry.npmjs.org/source-map 52ms (cache miss)
72 silly packumentCache full:https://registry.npmjs.org/source-map set size:undefined disposed:false
73 silly placeDep ROOT boolbase@1.0.0 OK for: css-select@5.2.2 want: ^1.0.0
74 silly placeDep ROOT css-what@6.2.2 OK for: css-select@5.2.2 want: ^6.1.0
75 silly placeDep ROOT domhandler@5.0.3 OK for: css-select@5.2.2 want: ^5.0.2
76 silly placeDep ROOT domutils@3.2.2 OK for: css-select@5.2.2 want: ^3.0.1
77 silly placeDep ROOT nth-check@2.1.1 OK for: css-select@5.2.2 want: ^2.0.1
78 silly fetch manifest domelementtype@^2.3.0
79 silly packumentCache full:https://registry.npmjs.org/domelementtype cache-miss
80 silly fetch manifest dom-serializer@^2.0.0
81 silly packumentCache full:https://registry.npmjs.org/dom-serializer cache-miss
82 silly fetch manifest domelementtype@^2.3.0
83 silly packumentCache full:https://registry.npmjs.org/domelementtype cache-miss
84 http fetch GET 200 https://registry.npmjs.org/domelementtype 53ms (cache miss)
85 silly packumentCache full:https://registry.npmjs.org/domelementtype set size:undefined disposed:false
86 http fetch GET 200 https://registry.npmjs.org/domelementtype 54ms (cache miss)
87 silly packumentCache full:https://registry.npmjs.org/domelementtype set size:undefined disposed:false
88 http fetch GET 200 https://registry.npmjs.org/dom-serializer 60ms (cache miss)
89 silly packumentCache full:https://registry.npmjs.org/dom-serializer set size:undefined disposed:false
90 silly placeDep ROOT mdn-data@2.0.14 OK for: css-tree@1.1.3 want: 2.0.14
91 silly placeDep node_modules/css-tree source-map@0.6.1 OK for: css-tree@1.1.3 want: ^0.6.1
92 silly placeDep ROOT domelementtype@2.3.0 OK for: domhandler@5.0.3 want: ^2.3.0
93 silly placeDep ROOT dom-serializer@2.0.0 OK for: domutils@3.2.2 want: ^2.0.0
94 silly fetch manifest entities@^4.2.0
95 silly packumentCache full:https://registry.npmjs.org/entities cache-miss
96 http fetch GET 200 https://registry.npmjs.org/entities 48ms (cache miss)
97 silly packumentCache full:https://registry.npmjs.org/entities set size:undefined disposed:false
98 silly placeDep ROOT entities@4.5.0 OK for: dom-serializer@2.0.0 want: ^4.2.0
99 silly reify moves {}
100 silly audit bulk request {
100 silly audit   '@babel/code-frame': [ '7.29.7' ],
100 silly audit   '@babel/compat-data': [ '7.29.7' ],
100 silly audit   '@babel/core': [ '7.29.7' ],
100 silly audit   semver: [ '6.3.1', '7.8.4' ],
100 silly audit   '@babel/generator': [ '7.29.7' ],
100 silly audit   '@babel/helper-annotate-as-pure': [ '7.29.7' ],
100 silly audit   '@babel/helper-compilation-targets': [ '7.29.7' ],
100 silly audit   '@babel/helper-create-class-features-plugin': [ '7.29.7' ],
100 silly audit   '@babel/helper-create-regexp-features-plugin': [ '7.29.7' ],
100 silly audit   '@babel/helper-define-polyfill-provider': [ '0.6.8' ],
100 silly audit   '@babel/helper-globals': [ '7.29.7' ],
100 silly audit   '@babel/helper-member-expression-to-functions': [ '7.29.7' ],
100 silly audit   '@babel/helper-module-imports': [ '7.29.7' ],
100 silly audit   '@babel/helper-module-transforms': [ '7.29.7' ],
100 silly audit   '@babel/helper-optimise-call-expression': [ '7.29.7' ],
100 silly audit   '@babel/helper-plugin-utils': [ '7.29.7' ],
100 silly audit   '@babel/helper-remap-async-to-generator': [ '7.29.7' ],
100 silly audit   '@babel/helper-replace-supers': [ '7.29.7' ],
100 silly audit   '@babel/helper-skip-transparent-expression-wrappers': [ '7.29.7' ],
100 silly audit   '@babel/helper-string-parser': [ '7.29.7' ],
100 silly audit   '@babel/helper-validator-identifier': [ '7.29.7' ],
100 silly audit   '@babel/helper-validator-option': [ '7.29.7' ],
100 silly audit   '@babel/helper-wrap-function': [ '7.29.7' ],
100 silly audit   '@babel/helpers': [ '7.29.7' ],
100 silly audit   '@babel/parser': [ '7.29.7' ],
100 silly audit   '@babel/plugin-proposal-decorators': [ '7.29.7' ],
100 silly audit   '@babel/plugin-proposal-export-default-from': [ '7.29.7' ],
100 silly audit   '@babel/plugin-syntax-decorators': [ '7.29.7' ],
100 silly audit   '@babel/plugin-syntax-dynamic-import': [ '7.8.3' ],
100 silly audit   '@babel/plugin-syntax-export-default-from': [ '7.29.7' ],
100 silly audit   '@babel/plugin-syntax-flow': [ '7.29.7' ],
100 silly audit   '@babel/plugin-syntax-jsx': [ '7.29.7' ],
100 silly audit   '@babel/plugin-syntax-nullish-coalescing-operator': [ '7.8.3' ],
100 silly audit   '@babel/plugin-syntax-optional-chaining': [ '7.8.3' ],
100 silly audit   '@babel/plugin-syntax-typescript': [ '7.29.7' ],
100 silly audit   '@babel/plugin-transform-async-generator-functions': [ '7.29.7' ],
100 silly audit   '@babel/plugin-transform-async-to-generator': [ '7.29.7' ],
100 silly audit   '@babel/plugin-transform-block-scoping': [ '7.29.7' ],
100 silly audit   '@babel/plugin-transform-class-properties': [ '7.29.7' ],
100 silly audit   '@babel/plugin-transform-class-static-block': [ '7.29.7' ],
100 silly audit   '@babel/plugin-transform-classes': [ '7.29.7' ],
100 silly audit   '@babel/plugin-transform-destructuring': [ '7.29.7' ],
100 silly audit   '@babel/plugin-transform-export-namespace-from': [ '7.29.7' ],
100 silly audit   '@babel/plugin-transform-flow-strip-types': [ '7.29.7' ],
100 silly audit   '@babel/plugin-transform-for-of': [ '7.29.7' ],
100 silly audit   '@babel/plugin-transform-logical-assignment-operators': [ '7.29.7' ],
100 silly audit   '@babel/plugin-transform-modules-commonjs': [ '7.29.7' ],
100 silly audit   '@babel/plugin-transform-named-capturing-groups-regex': [ '7.29.7' ],
100 silly audit   '@babel/plugin-transform-nullish-coalescing-operator': [ '7.29.7' ],
100 silly audit   '@babel/plugin-transform-object-rest-spread': [ '7.29.7' ],
100 silly audit   '@babel/plugin-transform-optional-catch-binding': [ '7.29.7' ],
100 silly audit   '@babel/plugin-transform-optional-chaining': [ '7.29.7' ],
100 silly audit   '@babel/plugin-transform-parameters': [ '7.29.7' ],
100 silly audit   '@babel/plugin-transform-private-methods': [ '7.29.7' ],
100 silly audit   '@babel/plugin-transform-private-property-in-object': [ '7.29.7' ],
100 silly audit   '@babel/plugin-transform-react-display-name': [ '7.29.7' ],
100 silly audit   '@babel/plugin-transform-react-jsx': [ '7.29.7' ],
100 silly audit   '@babel/plugin-transform-react-jsx-development': [ '7.29.7' ],
100 silly audit   '@babel/plugin-transform-react-pure-annotations': [ '7.29.7' ],
100 silly audit   '@babel/plugin-transform-runtime': [ '7.29.7' ],
100 silly audit   '@babel/plugin-transform-typescript': [ '7.29.7' ],
100 silly audit   '@babel/plugin-transform-unicode-regex': [ '7.29.7' ],
100 silly audit   '@babel/preset-typescript': [ '7.29.7' ],
100 silly audit   '@babel/runtime': [ '7.29.7' ],
100 silly audit   '@babel/template': [ '7.29.7' ],
100 silly audit   '@babel/traverse': [ '7.29.7' ],
100 silly audit   '@babel/types': [ '7.29.7' ],
100 silly audit   '@expo/code-signing-certificates': [ '0.0.6' ],
100 silly audit   '@expo/config': [ '56.0.9' ],
100 silly audit   '@expo/config-plugins': [ '56.0.8' ],
100 silly audit   '@expo/config-types': [ '56.0.5' ],
100 silly audit   '@expo/devcert': [ '1.2.1' ],
100 silly audit   debug: [ '3.2.7', '2.6.9', '4.4.3' ],
100 silly audit   '@expo/devtools': [ '56.0.2' ],
100 silly audit   '@expo/env': [ '2.3.0' ],
100 silly audit   '@expo/expo-modules-macros-plugin': [ '0.2.2' ],
100 silly audit   '@expo/fingerprint': [ '0.19.4' ],
100 silly audit   '@expo/image-utils': [ '0.10.1' ],
100 silly audit   '@expo/inline-modules': [ '0.0.11' ],
100 silly audit   '@expo/json-file': [ '10.2.0' ],
100 silly audit   '@expo/local-build-cache-provider': [ '56.0.8' ],
100 silly audit   '@expo/metro': [ '56.0.0' ],
100 silly audit   '@expo/metro-file-map': [ '56.0.3' ],
100 silly audit   '@expo/osascript': [ '2.6.0' ],
100 silly audit   '@expo/package-manager': [ '1.12.1' ],
100 silly audit   '@expo/plist': [ '0.7.0' ],
100 silly audit   '@expo/prebuild-config': [ '56.0.15' ],
100 silly audit   '@expo/require-utils': [ '56.1.3' ],
100 silly audit   '@expo/schema-utils': [ '56.0.1' ],
100 silly audit   '@expo/sdk-runtime-versions': [ '1.0.0' ],
100 silly audit   '@expo/spawn-async': [ '1.8.0' ],
100 silly audit   '@expo/sudo-prompt': [ '9.3.2' ],
100 silly audit   '@expo/xcpretty': [ '4.4.4' ],
100 silly audit   '@isaacs/ttlcache': [ '1.4.1' ],
100 silly audit   '@jest/schemas': [ '29.6.3' ],
100 silly audit   '@jest/types': [ '29.6.3' ],
100 silly audit   '@jridgewell/gen-mapping': [ '0.3.13' ],
100 silly audit   '@jridgewell/remapping': [ '2.3.5' ],
100 silly audit   '@jridgewell/resolve-uri': [ '3.1.2' ],
100 silly audit   '@jridgewell/source-map': [ '0.3.11' ],
100 silly audit   '@jridgewell/sourcemap-codec': [ '1.5.5' ],
100 silly audit   '@jridgewell/trace-mapping': [ '0.3.31' ],
100 silly audit   '@react-native-async-storage/async-storage': [ '2.2.0' ],
100 silly audit   '@react-native/assets-registry': [ '0.85.3' ],
100 silly audit   '@react-native/babel-plugin-codegen': [ '0.85.3' ],
100 silly audit   '@react-native/codegen': [ '0.85.3' ],
100 silly audit   'hermes-estree': [ '0.33.3', '0.35.0' ],
100 silly audit   'hermes-parser': [ '0.33.3', '0.35.0' ],
100 silly audit   '@react-native/community-cli-plugin': [ '0.85.3' ],
100 silly audit   '@react-native/debugger-frontend': [ '0.85.3' ],
100 silly audit   '@react-native/debugger-shell': [ '0.85.3' ],
100 silly audit   '@react-native/dev-middleware': [ '0.85.3' ],
100 silly audit   '@react-native/gradle-plugin': [ '0.85.3' ],
100 silly audit   '@react-native/js-polyfills': [ '0.85.3' ],
100 silly audit   '@react-native/normalize-colors': [ '0.85.3', '0.74.89' ],
100 silly audit   '@react-native/virtualized-lists': [ '0.85.3' ],
100 silly audit   '@sinclair/typebox': [ '0.27.10' ],
100 silly audit   '@types/istanbul-lib-coverage': [ '2.0.6' ],
100 silly audit   '@types/istanbul-lib-report': [ '3.0.3' ],
100 silly audit   '@types/istanbul-reports': [ '3.0.4' ],
100 silly audit   '@types/node': [ '25.9.2' ],
100 silly audit   '@types/react': [ '19.2.17' ],
100 silly audit   '@types/yargs': [ '17.0.35' ],
100 silly audit   '@types/yargs-parser': [ '21.0.3' ],
100 silly audit   '@ungap/structured-clone': [ '1.3.1' ],
100 silly audit   '@xmldom/xmldom': [ '0.8.13', '0.9.10' ],
100 silly audit   'abort-controller': [ '3.0.0' ],
100 silly audit   accepts: [ '2.0.0', '1.3.8' ],
100 silly audit   acorn: [ '8.16.0' ],
100 silly audit   'agent-base': [ '7.1.4' ],
100 silly audit   anser: [ '1.4.10' ],
100 silly audit   'ansi-escapes': [ '4.3.2' ],
100 silly audit   'type-fest': [ '0.21.3', '0.7.1' ],
100 silly audit   'ansi-regex': [ '5.0.1', '4.1.1' ],
100 silly audit   'ansi-styles': [ '4.3.0', '3.2.1', '5.2.0' ],
100 silly audit   arg: [ '5.0.2' ],
100 silly audit   argparse: [ '2.0.1' ],
100 silly audit   asap: [ '2.0.6' ],
100 silly audit   'babel-plugin-polyfill-corejs2': [ '0.4.17' ],
100 silly audit   'babel-plugin-polyfill-corejs3': [ '0.13.0' ],
100 silly audit   'babel-plugin-polyfill-regenerator': [ '0.6.8' ],
100 silly audit   'babel-plugin-react-compiler': [ '1.0.0' ],
100 silly audit   'babel-plugin-react-native-web': [ '0.21.2' ],
100 silly audit   'babel-plugin-syntax-hermes-parser': [ '0.33.3' ],
100 silly audit   'babel-plugin-transform-flow-enums': [ '0.0.2' ],
100 silly audit   'balanced-match': [ '4.0.4' ],
100 silly audit   'base64-js': [ '1.5.1' ],
100 silly audit   'baseline-browser-mapping': [ '2.10.35' ],
100 silly audit   'big-integer': [ '1.6.52' ],
100 silly audit   'bplist-creator': [ '0.1.0' ],
100 silly audit   'bplist-parser': [ '0.3.1' ],
100 silly audit   'brace-expansion': [ '5.0.6' ],
100 silly audit   braces: [ '3.0.3' ],
100 silly audit   browserslist: [ '4.28.2' ],
100 silly audit   bser: [ '2.1.1' ],
100 silly audit   'buffer-from': [ '1.1.2' ],
100 silly audit   bytes: [ '3.1.2' ],
100 silly audit   camelcase: [ '6.3.0' ],
100 silly audit   'caniuse-lite': [ '1.0.30001797' ],
100 silly audit   chalk: [ '4.1.2', '2.4.2' ],
100 silly audit   'chrome-launcher': [ '0.15.2' ],
100 silly audit   'chromium-edge-launcher': [ '0.3.0' ],
100 silly audit   'ci-info': [ '2.0.0', '3.9.0' ],
100 silly audit   'cli-cursor': [ '2.1.0' ],
100 silly audit   'cli-spinners': [ '2.9.2' ],
100 silly audit   cliui: [ '8.0.1' ],
100 silly audit   clone: [ '1.0.4' ],
100 silly audit   'color-convert': [ '2.0.1', '1.9.3' ],
100 silly audit   'color-name': [ '1.1.4', '1.1.3' ],
100 silly audit   commander: [ '7.2.0', '12.1.0', '2.20.3' ],
100 silly audit   compressible: [ '2.0.18' ],
100 silly audit   compression: [ '1.8.1' ],
100 silly audit   ms: [ '2.0.0', '2.1.3' ],
100 silly audit   negotiator: [ '0.6.4', '0.6.3', '1.0.0' ],
100 silly audit   connect: [ '3.7.0' ],
100 silly audit   'convert-source-map': [ '2.0.0' ],
100 silly audit   'core-js-compat': [ '3.49.0' ],
100 silly audit   'cross-fetch': [ '3.2.0' ],
100 silly audit   'cross-spawn': [ '7.0.6' ],
100 silly audit   'css-in-js-utils': [ '3.1.0' ],
100 silly audit   csstype: [ '3.2.3' ],
100 silly audit   deepmerge: [ '4.3.1' ],
100 silly audit   defaults: [ '1.0.4' ],
100 silly audit   depd: [ '2.0.0' ],
100 silly audit   destroy: [ '1.2.0' ],
100 silly audit   'detect-libc': [ '2.1.2' ],
100 silly audit   'dnssd-advertise': [ '1.1.6' ],
100 silly audit   'ee-first': [ '1.1.1' ],
100 silly audit   'electron-to-chromium': [ '1.5.371' ],
100 silly audit   'emoji-regex': [ '8.0.0' ],
100 silly audit   encodeurl: [ '1.0.2', '2.0.0' ],
100 silly audit   'error-stack-parser': [ '2.1.4' ],
100 silly audit   'es-errors': [ '1.3.0' ],
100 silly audit   escalade: [ '3.2.0' ],
100 silly audit   'escape-html': [ '1.0.3' ],
100 silly audit   'escape-string-regexp': [ '4.0.0', '1.0.5' ],
100 silly audit   etag: [ '1.8.1' ],
100 silly audit   'event-target-shim': [ '5.0.1' ],
100 silly audit   expo: [ '56.0.11' ],
100 silly audit   'expo-modules-autolinking': [ '56.0.15' ],
100 silly audit   'expo-modules-core': [ '56.0.16' ],
100 silly audit   'expo-modules-jsi': [ '56.0.9' ],
100 silly audit   'expo-server': [ '56.0.5' ],
100 silly audit   'expo-status-bar': [ '56.0.4' ],
100 silly audit   '@expo/cli': [ '56.1.15' ],
100 silly audit   '@expo/router-server': [ '56.0.14' ],
100 silly audit   '@expo/dom-webview': [ '56.0.5' ],
100 silly audit   '@expo/log-box': [ '56.0.13' ],
100 silly audit   '@expo/metro-config': [ '56.0.14' ],
100 silly audit   '@expo/ws-tunnel': [ '2.0.0' ],
100 silly audit   'babel-preset-expo': [ '56.0.15' ],
100 silly audit   'expo-asset': [ '56.0.17' ],
100 silly audit   'expo-constants': [ '56.0.18' ],
100 silly audit   'expo-file-system': [ '56.0.8' ],
100 silly audit   'expo-font': [ '56.0.6' ],
100 silly audit   'expo-keep-awake': [ '56.0.3' ],
100 silly audit   'mime-db': [ '1.52.0', '1.54.0' ],
100 silly audit   'mime-types': [ '2.1.35', '3.0.2' ],
100 silly audit   picomatch: [ '4.0.4', '2.3.2' ],
100 silly audit   ws: [ '8.21.0', '7.5.11' ],
100 silly audit   'exponential-backoff': [ '3.1.3' ],
100 silly audit   'fb-dotslash': [ '0.5.8' ],
100 silly audit   'fb-watchman': [ '2.0.2' ],
100 silly audit   fbjs: [ '3.0.5' ],
100 silly audit   'fbjs-css-vars': [ '1.0.2' ],
100 silly audit   promise: [ '7.3.1', '8.3.0' ],
100 silly audit   'fetch-nodeshim': [ '0.4.10' ],
100 silly audit   'fill-range': [ '7.1.1' ],
100 silly audit   finalhandler: [ '1.1.2' ],
100 silly audit   'flow-enums-runtime': [ '0.0.6' ],
100 silly audit   fontfaceobserver: [ '2.3.0' ],
100 silly audit   fresh: [ '0.5.2' ],
100 silly audit   'function-bind': [ '1.1.2' ],
100 silly audit   gensync: [ '1.0.0-beta.2' ],
100 silly audit   'get-caller-file': [ '2.0.5' ],
100 silly audit   getenv: [ '2.0.0' ],
100 silly audit   glob: [ '13.0.6' ],
100 silly audit   'graceful-fs': [ '4.2.11' ],
100 silly audit   'has-flag': [ '4.0.0', '3.0.0' ],
100 silly audit   hasown: [ '2.0.4' ],
100 silly audit   'hermes-compiler': [ '250829098.0.10' ],
100 silly audit   'hosted-git-info': [ '7.0.2' ],
100 silly audit   'lru-cache': [ '10.4.3', '5.1.1', '11.5.1' ],
100 silly audit   'http-errors': [ '2.0.1' ],
100 silly audit   statuses: [ '2.0.2', '1.5.0' ],
100 silly audit   'https-proxy-agent': [ '7.0.6' ],
100 silly audit   'hyphenate-style-name': [ '1.1.0' ],
100 silly audit   ignore: [ '5.3.2' ],
100 silly audit   'image-size': [ '1.2.1' ],
100 silly audit   inherits: [ '2.0.4' ],
100 silly audit   'inline-style-prefixer': [ '7.0.1' ],
100 silly audit   invariant: [ '2.2.4' ],
100 silly audit   'is-core-module': [ '2.16.2' ],
100 silly audit   'is-docker': [ '2.2.1' ],
100 silly audit   'is-fullwidth-code-point': [ '3.0.0' ],
100 silly audit   'is-number': [ '7.0.0' ],
100 silly audit   'is-plain-obj': [ '2.1.0' ],
100 silly audit   'is-wsl': [ '2.2.0' ],
100 silly audit   isexe: [ '2.0.0' ],
100 silly audit   'jest-get-type': [ '29.6.3' ],
100 silly audit   'jest-util': [ '29.7.0' ],
100 silly audit   'jest-validate': [ '29.7.0' ],
100 silly audit   'jest-worker': [ '29.7.0' ],
100 silly audit   'supports-color': [ '8.1.1', '5.5.0', '7.2.0' ],
100 silly audit   'jimp-compact': [ '0.16.1' ],
100 silly audit   'js-tokens': [ '4.0.0' ],
100 silly audit   'js-yaml': [ '4.2.0' ],
100 silly audit   'jsc-safe-url': [ '0.2.4' ],
100 silly audit   jsesc: [ '3.1.0' ],
100 silly audit   json5: [ '2.2.3' ],
100 silly audit   kleur: [ '3.0.3' ],
100 silly audit   'lan-network': [ '0.2.1' ],
100 silly audit   leven: [ '3.1.0' ],
100 silly audit   'lighthouse-logger': [ '1.4.2' ],
100 silly audit   lightningcss: [ '1.32.0' ],
100 silly audit   'lightningcss-android-arm64': [ '1.32.0' ],
100 silly audit   'lightningcss-darwin-arm64': [ '1.32.0' ],
100 silly audit   'lightningcss-darwin-x64': [ '1.32.0' ],
100 silly audit   'lightningcss-freebsd-x64': [ '1.32.0' ],
100 silly audit   'lightningcss-linux-arm-gnueabihf': [ '1.32.0' ],
100 silly audit   'lightningcss-linux-arm64-gnu': [ '1.32.0' ],
100 silly audit   'lightningcss-linux-arm64-musl': [ '1.32.0' ],
100 silly audit   'lightningcss-linux-x64-gnu': [ '1.32.0' ],
100 silly audit   'lightningcss-linux-x64-musl': [ '1.32.0' ],
100 silly audit   'lightningcss-win32-arm64-msvc': [ '1.32.0' ],
100 silly audit   'lightningcss-win32-x64-msvc': [ '1.32.0' ],
100 silly audit   'lodash.debounce': [ '4.0.8' ],
100 silly audit   'lodash.throttle': [ '4.1.1' ],
100 silly audit   'log-symbols': [ '2.2.0' ],
100 silly audit   'loose-envify': [ '1.4.0' ],
100 silly audit   makeerror: [ '1.0.12' ],
100 silly audit   marky: [ '1.3.0' ],
100 silly audit   'memoize-one': [ '5.2.1', '6.0.0' ],
100 silly audit   'merge-options': [ '3.0.4' ],
100 silly audit   'merge-stream': [ '2.0.0' ],
100 silly audit   metro: [ '0.84.4' ],
100 silly audit   'metro-babel-transformer': [ '0.84.4' ],
100 silly audit   'metro-cache': [ '0.84.4' ],
100 silly audit   'metro-cache-key': [ '0.84.4' ],
100 silly audit   'metro-config': [ '0.84.4' ],
100 silly audit   'metro-core': [ '0.84.4' ],
100 silly audit   'metro-file-map': [ '0.84.4' ],
100 silly audit   'metro-minify-terser': [ '0.84.4' ],
100 silly audit   'metro-resolver': [ '0.84.4' ],
100 silly audit   'metro-runtime': [ '0.84.4' ],
100 silly audit   'metro-source-map': [ '0.84.4' ],
100 silly audit   'metro-symbolicate': [ '0.84.4' ],
100 silly audit   'metro-transform-plugins': [ '0.84.4' ],
100 silly audit   'metro-transform-worker': [ '0.84.4' ],
100 silly audit   micromatch: [ '4.0.8' ],
100 silly audit   mime: [ '1.6.0' ],
100 silly audit   'mimic-fn': [ '1.2.0' ],
100 silly audit   minimatch: [ '10.2.5' ],
100 silly audit   minipass: [ '7.1.3' ],
100 silly audit   mkdirp: [ '1.0.4' ],
100 silly audit   multitars: [ '1.0.0' ],
100 silly audit   nanoid: [ '3.3.12' ],
100 silly audit   'node-fetch': [ '2.7.0' ],
100 silly audit   'node-forge': [ '1.4.0' ],
100 silly audit   'node-int64': [ '0.4.0' ],
100 silly audit   'node-releases': [ '2.0.47' ],
100 silly audit   'npm-package-arg': [ '11.0.3' ],
100 silly audit   nullthrows: [ '1.1.1' ],
100 silly audit   ob1: [ '0.84.4' ],
100 silly audit   'object-assign': [ '4.1.1' ],
100 silly audit   'on-finished': [ '2.3.0', '2.4.1' ],
100 silly audit   'on-headers': [ '1.1.0' ],
100 silly audit   onetime: [ '2.0.1' ],
100 silly audit   open: [ '7.4.2' ],
100 silly audit   ora: [ '3.4.0' ],
100 silly audit   'strip-ansi': [ '5.2.0', '6.0.1' ],
100 silly audit   'parse-png': [ '2.1.0' ],
100 silly audit   parseurl: [ '1.3.3' ],
100 silly audit   'path-key': [ '3.1.1' ],
100 silly audit   'path-parse': [ '1.0.7' ],
100 silly audit   'path-scurry': [ '2.0.2' ],
100 silly audit   picocolors: [ '1.1.1' ],
100 silly audit   plist: [ '3.1.1' ],
100 silly audit   pngjs: [ '3.4.0' ],
100 silly audit   postcss: [ '8.5.15' ],
100 silly audit   'postcss-value-parser': [ '4.2.0' ],
100 silly audit   'pretty-format': [ '29.7.0' ],
100 silly audit   'proc-log': [ '4.2.0' ],
100 silly audit   progress: [ '2.0.3' ],
100 silly audit   prompts: [ '2.4.2' ],
100 silly audit   queue: [ '6.0.2' ],
100 silly audit   'range-parser': [ '1.2.1' ],
100 silly audit   react: [ '19.2.3' ],
100 silly audit   'react-devtools-core': [ '6.1.5' ],
100 silly audit   'react-dom': [ '19.2.3' ],
100 silly audit   'react-is': [ '18.3.1' ],
100 silly audit   'react-native': [ '0.85.3' ],
100 silly audit   'react-native-web': [ '0.21.2' ],
100 silly audit   'react-refresh': [ '0.14.2' ],
100 silly audit   regenerate: [ '1.4.2' ],
100 silly audit   'regenerate-unicode-properties': [ '10.2.2' ],
100 silly audit   'regenerator-runtime': [ '0.13.11' ],
100 silly audit   'regexpu-core': [ '6.4.0' ],
100 silly audit   regjsgen: [ '0.8.0' ],
100 silly audit   regjsparser: [ '0.13.1' ],
100 silly audit   'require-directory': [ '2.1.1' ],
100 silly audit   resolve: [ '1.22.12' ],
100 silly audit   'resolve-from': [ '5.0.0' ],
100 silly audit   'resolve-workspace-root': [ '2.0.1' ],
100 silly audit   'restore-cursor': [ '2.0.0' ],
100 silly audit   'safe-buffer': [ '5.2.1' ],
100 silly audit   sax: [ '1.6.0' ],
100 silly audit   scheduler: [ '0.27.0' ],
100 silly audit   send: [ '0.19.2' ],
100 silly audit   'serialize-error': [ '2.1.0' ],
100 silly audit   'serve-static': [ '1.16.3' ],
100 silly audit   setimmediate: [ '1.0.5' ],
100 silly audit   setprototypeof: [ '1.2.0' ],
100 silly audit   'shebang-command': [ '2.0.0' ],
100 silly audit   'shebang-regex': [ '3.0.0' ],
100 silly audit   'shell-quote': [ '1.8.4' ],
100 silly audit   'signal-exit': [ '3.0.7' ],
100 silly audit   'simple-plist': [ '1.3.1' ],
100 silly audit   sisteransi: [ '1.0.5' ],
100 silly audit   slugify: [ '1.6.9' ],
100 silly audit   'source-map': [ '0.5.7', '0.6.1' ],
100 silly audit   'source-map-js': [ '1.2.1' ],
100 silly audit   'source-map-support': [ '0.5.21' ],
100 silly audit   stackframe: [ '1.3.4' ],
100 silly audit   'stacktrace-parser': [ '0.1.11' ],
100 silly audit   'stream-buffers': [ '2.2.0' ],
100 silly audit   'string-width': [ '4.2.3' ],
100 silly audit   'structured-headers': [ '0.4.1' ],
100 silly audit   styleq: [ '0.1.3' ],
100 silly audit   'supports-hyperlinks': [ '2.3.0' ],
100 silly audit   'supports-preserve-symlinks-flag': [ '1.0.0' ],
100 silly audit   'terminal-link': [ '2.1.1' ],
100 silly audit   terser: [ '5.48.0' ],
100 silly audit   throat: [ '5.0.0' ],
100 silly audit   tinyglobby: [ '0.2.17' ],
100 silly audit   fdir: [ '6.5.0' ],
100 silly audit   tmpl: [ '1.0.5' ],
100 silly audit   'to-regex-range': [ '5.0.1' ],
100 silly audit   toidentifier: [ '1.0.1' ],
100 silly audit   toqr: [ '0.1.1' ],
100 silly audit   tr46: [ '0.0.3' ],
100 silly audit   typescript: [ '6.0.3' ],
100 silly audit   'ua-parser-js': [ '1.0.41' ],
100 silly audit   'undici-types': [ '7.24.6' ],
100 silly audit   'unicode-canonical-property-names-ecmascript': [ '2.0.1' ],
100 silly audit   'unicode-match-property-ecmascript': [ '2.0.0' ],
100 silly audit   'unicode-match-property-value-ecmascript': [ '2.2.1' ],
100 silly audit   'unicode-property-aliases-ecmascript': [ '2.2.0' ],
100 silly audit   unpipe: [ '1.0.0' ],
100 silly audit   'update-browserslist-db': [ '1.2.3' ],
100 silly audit   'utils-merge': [ '1.0.1' ],
100 silly audit   uuid: [ '7.0.3' ],
100 silly audit   'validate-npm-package-name': [ '5.0.1' ],
100 silly audit   vary: [ '1.1.2' ],
100 silly audit   vlq: [ '1.0.1' ],
100 silly audit   walker: [ '1.0.8' ],
100 silly audit   wcwidth: [ '1.0.1' ],
100 silly audit   'webidl-conversions': [ '3.0.1' ],
100 silly audit   'whatwg-fetch': [ '3.6.20' ],
100 silly audit   'whatwg-url': [ '5.0.0' ],
100 silly audit   'whatwg-url-minimum': [ '0.1.2' ],
100 silly audit   which: [ '2.0.2' ],
100 silly audit   'wrap-ansi': [ '7.0.0' ],
100 silly audit   xcode: [ '3.0.1' ],
100 silly audit   xml2js: [ '0.6.0' ],
100 silly audit   xmlbuilder: [ '11.0.1', '15.1.1' ],
100 silly audit   y18n: [ '5.0.8' ],
100 silly audit   yallist: [ '3.1.1' ],
100 silly audit   yaml: [ '2.9.0' ],
100 silly audit   yargs: [ '17.7.2' ],
100 silly audit   'yargs-parser': [ '21.1.1' ],
100 silly audit   zod: [ '3.25.76' ],
100 silly audit   'react-native-svg': [ '15.15.5' ],
100 silly audit   'css-select': [ '5.2.2' ],
100 silly audit   'css-tree': [ '1.1.3' ],
100 silly audit   boolbase: [ '1.0.0' ],
100 silly audit   'css-what': [ '6.2.2' ],
100 silly audit   domhandler: [ '5.0.3' ],
100 silly audit   domutils: [ '3.2.2' ],
100 silly audit   'nth-check': [ '2.1.1' ],
100 silly audit   'mdn-data': [ '2.0.14' ],
100 silly audit   domelementtype: [ '2.3.0' ],
100 silly audit   'dom-serializer': [ '2.0.0' ],
100 silly audit   entities: [ '4.5.0' ]
100 silly audit }
101 http cache entities@https://registry.npmjs.org/entities/-/entities-4.5.0.tgz 0ms (cache hit)
102 http cache dom-serializer@https://registry.npmjs.org/dom-serializer/-/dom-serializer-2.0.0.tgz 0ms (cache hit)
103 http cache domelementtype@https://registry.npmjs.org/domelementtype/-/domelementtype-2.3.0.tgz 0ms (cache hit)
104 http cache mdn-data@https://registry.npmjs.org/mdn-data/-/mdn-data-2.0.14.tgz 0ms (cache hit)
105 http cache nth-check@https://registry.npmjs.org/nth-check/-/nth-check-2.1.1.tgz 0ms (cache hit)
106 http cache domutils@https://registry.npmjs.org/domutils/-/domutils-3.2.2.tgz 0ms (cache hit)
107 http cache domhandler@https://registry.npmjs.org/domhandler/-/domhandler-5.0.3.tgz 0ms (cache hit)
108 http cache css-what@https://registry.npmjs.org/css-what/-/css-what-6.2.2.tgz 0ms (cache hit)
109 http cache boolbase@https://registry.npmjs.org/boolbase/-/boolbase-1.0.0.tgz 0ms (cache hit)
110 http cache css-tree@https://registry.npmjs.org/css-tree/-/css-tree-1.1.3.tgz 0ms (cache hit)
111 http cache css-select@https://registry.npmjs.org/css-select/-/css-select-5.2.2.tgz 0ms (cache hit)
112 http cache react-native-svg@https://registry.npmjs.org/react-native-svg/-/react-native-svg-15.15.5.tgz 0ms (cache hit)
113 http cache source-map@https://registry.npmjs.org/source-map/-/source-map-0.6.1.tgz 0ms (cache hit)
114 silly tarball no local data for entities@https://registry.npmjs.org/entities/-/entities-4.5.0.tgz. Extracting by manifest.
115 silly tarball no local data for dom-serializer@https://registry.npmjs.org/dom-serializer/-/dom-serializer-2.0.0.tgz. Extracting by manifest.
116 silly tarball no local data for domelementtype@https://registry.npmjs.org/domelementtype/-/domelementtype-2.3.0.tgz. Extracting by manifest.
117 silly tarball no local data for mdn-data@https://registry.npmjs.org/mdn-data/-/mdn-data-2.0.14.tgz. Extracting by manifest.
118 silly tarball no local data for nth-check@https://registry.npmjs.org/nth-check/-/nth-check-2.1.1.tgz. Extracting by manifest.
119 silly tarball no local data for domutils@https://registry.npmjs.org/domutils/-/domutils-3.2.2.tgz. Extracting by manifest.
120 silly tarball no local data for domhandler@https://registry.npmjs.org/domhandler/-/domhandler-5.0.3.tgz. Extracting by manifest.
121 silly tarball no local data for css-what@https://registry.npmjs.org/css-what/-/css-what-6.2.2.tgz. Extracting by manifest.
122 silly tarball no local data for boolbase@https://registry.npmjs.org/boolbase/-/boolbase-1.0.0.tgz. Extracting by manifest.
123 silly tarball no local data for css-tree@https://registry.npmjs.org/css-tree/-/css-tree-1.1.3.tgz. Extracting by manifest.
124 silly tarball no local data for css-select@https://registry.npmjs.org/css-select/-/css-select-5.2.2.tgz. Extracting by manifest.
125 silly tarball no local data for react-native-svg@https://registry.npmjs.org/react-native-svg/-/react-native-svg-15.15.5.tgz. Extracting by manifest.
126 silly tarball no local data for source-map@https://registry.npmjs.org/source-map/-/source-map-0.6.1.tgz. Extracting by manifest.
127 http fetch POST 200 https://registry.npmjs.org/-/npm/v1/security/advisories/bulk 573ms
128 silly audit report {
128 silly audit report   uuid: [
128 silly audit report     {
128 silly audit report       id: 1119441,
128 silly audit report       url: 'https://github.com/advisories/GHSA-w5hq-g745-h8pq',
128 silly audit report       title: 'uuid: Missing buffer bounds check in v3/v5/v6 when buf is provided',
128 silly audit report       severity: 'moderate',
128 silly audit report       vulnerable_versions: '<11.1.1',
128 silly audit report       cwe: [Array],
128 silly audit report       cvss: [Object]
128 silly audit report     }
128 silly audit report   ]
128 silly audit report }
129 silly packumentCache corgi:https://registry.npmjs.org/uuid cache-miss
130 http fetch GET 200 https://registry.npmjs.org/boolbase/-/boolbase-1.0.0.tgz 721ms (cache miss)
131 http fetch GET 200 https://registry.npmjs.org/uuid 247ms (cache revalidated)
132 silly packumentCache corgi:https://registry.npmjs.org/uuid set size:81812 disposed:false
133 silly packumentCache corgi:https://registry.npmjs.org/xcode cache-miss
134 http fetch GET 200 https://registry.npmjs.org/domelementtype/-/domelementtype-2.3.0.tgz 938ms (cache miss)
135 http fetch GET 200 https://registry.npmjs.org/xcode 180ms (cache revalidated)
136 silly packumentCache corgi:https://registry.npmjs.org/xcode set size:1850340 disposed:false
137 silly packumentCache corgi:https://registry.npmjs.org/@expo%2fconfig-plugins cache-miss
138 http fetch GET 200 https://registry.npmjs.org/dom-serializer/-/dom-serializer-2.0.0.tgz 1177ms (cache miss)
139 http fetch GET 200 https://registry.npmjs.org/domhandler/-/domhandler-5.0.3.tgz 1233ms (cache miss)
140 http fetch GET 200 https://registry.npmjs.org/@expo%2fconfig-plugins 304ms (cache revalidated)
141 silly packumentCache corgi:https://registry.npmjs.org/@expo%2fconfig-plugins set size:413059 disposed:false
142 silly packumentCache corgi:https://registry.npmjs.org/@expo%2fconfig cache-miss
143 silly packumentCache corgi:https://registry.npmjs.org/@expo%2finline-modules cache-miss
144 silly packumentCache corgi:https://registry.npmjs.org/@expo%2fprebuild-config cache-miss
145 silly packumentCache corgi:https://registry.npmjs.org/expo cache-miss
146 silly packumentCache corgi:https://registry.npmjs.org/@expo%2fcli cache-miss
147 http fetch GET 200 https://registry.npmjs.org/nth-check/-/nth-check-2.1.1.tgz 1590ms (cache miss)
148 http fetch GET 200 https://registry.npmjs.org/mdn-data/-/mdn-data-2.0.14.tgz 1618ms (cache miss)
149 http fetch GET 200 https://registry.npmjs.org/css-what/-/css-what-6.2.2.tgz 1636ms (cache miss)
150 http fetch GET 200 https://registry.npmjs.org/@expo%2fprebuild-config 281ms (cache revalidated)
151 silly packumentCache corgi:https://registry.npmjs.org/@expo%2fprebuild-config set size:382820 disposed:false
152 http fetch GET 200 https://registry.npmjs.org/@expo%2fconfig 351ms (cache revalidated)
153 silly packumentCache corgi:https://registry.npmjs.org/@expo%2fconfig set size:542603 disposed:false
154 http fetch GET 200 https://registry.npmjs.org/@expo%2finline-modules 365ms (cache revalidated)
155 silly packumentCache corgi:https://registry.npmjs.org/@expo%2finline-modules set size:20918 disposed:false
156 http fetch GET 200 https://registry.npmjs.org/source-map/-/source-map-0.6.1.tgz 1905ms (cache miss)
157 http fetch GET 200 https://registry.npmjs.org/expo 571ms (cache updated)
158 silly packumentCache corgi:https://registry.npmjs.org/expo set size:undefined disposed:false
159 http fetch GET 200 https://registry.npmjs.org/@expo%2fcli 692ms (cache updated)
160 silly packumentCache corgi:https://registry.npmjs.org/@expo%2fcli set size:undefined disposed:false
161 silly packumentCache corgi:https://registry.npmjs.org/@expo%2flocal-build-cache-provider cache-miss
162 silly packumentCache corgi:https://registry.npmjs.org/@expo%2fmetro-config cache-miss
163 http fetch GET 200 https://registry.npmjs.org/domutils/-/domutils-3.2.2.tgz 2394ms (cache miss)
164 http fetch GET 200 https://registry.npmjs.org/entities/-/entities-4.5.0.tgz 2461ms (cache miss)
165 http fetch GET 200 https://registry.npmjs.org/@expo%2flocal-build-cache-provider 295ms (cache revalidated)
166 silly packumentCache corgi:https://registry.npmjs.org/@expo%2flocal-build-cache-provider set size:50741 disposed:false
167 http fetch GET 200 https://registry.npmjs.org/@expo%2fmetro-config 386ms (cache updated)
168 silly packumentCache corgi:https://registry.npmjs.org/@expo%2fmetro-config set size:undefined disposed:false
169 silly packumentCache corgi:https://registry.npmjs.org/expo-status-bar cache-miss
170 silly packumentCache corgi:https://registry.npmjs.org/@expo%2frouter-server cache-miss
171 silly packumentCache corgi:https://registry.npmjs.org/@expo%2fdom-webview cache-miss
172 silly packumentCache corgi:https://registry.npmjs.org/@expo%2flog-box cache-miss
173 silly packumentCache corgi:https://registry.npmjs.org/babel-preset-expo cache-miss
174 silly packumentCache corgi:https://registry.npmjs.org/expo-asset cache-miss
175 silly packumentCache corgi:https://registry.npmjs.org/expo-constants cache-miss
176 silly packumentCache corgi:https://registry.npmjs.org/expo-file-system cache-miss
177 silly packumentCache corgi:https://registry.npmjs.org/expo-font cache-miss
178 silly packumentCache corgi:https://registry.npmjs.org/expo-keep-awake cache-miss
179 http fetch GET 200 https://registry.npmjs.org/expo-status-bar 656ms (cache revalidated)
180 silly packumentCache corgi:https://registry.npmjs.org/expo-status-bar set size:192703 disposed:false
181 http fetch GET 200 https://registry.npmjs.org/expo-keep-awake 744ms (cache revalidated)
182 silly packumentCache corgi:https://registry.npmjs.org/expo-keep-awake set size:190028 disposed:false
183 http fetch GET 200 https://registry.npmjs.org/@expo%2fdom-webview 965ms (cache revalidated)
184 silly packumentCache corgi:https://registry.npmjs.org/@expo%2fdom-webview set size:97299 disposed:false
185 http fetch GET 200 https://registry.npmjs.org/@expo%2frouter-server 1068ms (cache updated)
186 silly packumentCache corgi:https://registry.npmjs.org/@expo%2frouter-server set size:undefined disposed:false
187 http fetch GET 200 https://registry.npmjs.org/expo-file-system 1098ms (cache updated)
188 silly packumentCache corgi:https://registry.npmjs.org/expo-file-system set size:undefined disposed:false
189 http fetch GET 200 https://registry.npmjs.org/expo-constants 1231ms (cache updated)
190 silly packumentCache corgi:https://registry.npmjs.org/expo-constants set size:undefined disposed:false
191 http fetch GET 200 https://registry.npmjs.org/expo-font 1356ms (cache updated)
192 silly packumentCache corgi:https://registry.npmjs.org/expo-font set size:undefined disposed:false
193 http fetch GET 200 https://registry.npmjs.org/expo-asset 1454ms (cache updated)
194 silly packumentCache corgi:https://registry.npmjs.org/expo-asset set size:undefined disposed:false
195 http fetch GET 200 https://registry.npmjs.org/@expo%2flog-box 1605ms (cache updated)
196 silly packumentCache corgi:https://registry.npmjs.org/@expo%2flog-box set size:undefined disposed:false
197 http fetch GET 200 https://registry.npmjs.org/babel-preset-expo 1621ms (cache updated)
198 silly packumentCache corgi:https://registry.npmjs.org/babel-preset-expo set size:undefined disposed:false
199 http fetch GET 200 https://registry.npmjs.org/css-select/-/css-select-5.2.2.tgz 5022ms (cache miss)
200 http fetch GET 200 https://registry.npmjs.org/css-tree/-/css-tree-1.1.3.tgz 5385ms (cache miss)
201 http fetch GET 200 https://registry.npmjs.org/react-native-svg/-/react-native-svg-15.15.5.tgz 8755ms (cache miss)
202 silly ADD node_modules/entities
203 silly ADD node_modules/dom-serializer
204 silly ADD node_modules/domelementtype
205 silly ADD node_modules/mdn-data
206 silly ADD node_modules/nth-check
207 silly ADD node_modules/domutils
208 silly ADD node_modules/domhandler
209 silly ADD node_modules/css-what
210 silly ADD node_modules/boolbase
211 silly ADD node_modules/css-tree
212 silly ADD node_modules/css-tree/node_modules/source-map
213 silly ADD node_modules/css-select
214 silly ADD node_modules/react-native-svg
215 verbose cwd C:\Users\Norman\Documents\MarketPulse
216 verbose os Windows_NT 10.0.19045
217 verbose node v24.16.0
218 verbose npm  v11.13.0
219 verbose exit 0
220 info ok
