0 verbose cli C:\Program Files\nodejs\node.exe C:\Program Files\nodejs\node_modules\npm\bin\npm-cli.js
1 info using npm@11.13.0
2 info using node@v24.16.0
3 silly config load:file:C:\Program Files\nodejs\node_modules\npm\npmrc
4 silly config load:file:C:\Users\Norman\Documents\MarketPulse\.npmrc
5 silly config load:file:C:\Users\Norman\.npmrc
6 silly config load:file:C:\Users\Norman\AppData\Roaming\npm\etc\npmrc
7 verbose title npm install @react-native-async-storage/async-storage
8 verbose argv "install" "@react-native-async-storage/async-storage" "--cache" ".npm-cache"
9 verbose logfile logs-max:10 dir:C:\Users\Norman\Documents\MarketPulse\.npm-cache\_logs\2026-06-10T11_11_41_258Z-
10 verbose logfile C:\Users\Norman\Documents\MarketPulse\.npm-cache\_logs\2026-06-10T11_11_41_258Z-debug-0.log
11 silly logfile done cleaning log files
12 silly packumentCache heap:4496293888 maxSize:1124073472 maxEntrySize:562036736
13 silly idealTree buildDeps
14 silly fetch manifest @react-native-async-storage/async-storage@*
15 silly packumentCache full:https://registry.npmjs.org/@react-native-async-storage%2fasync-storage cache-miss
16 http fetch GET 200 https://registry.npmjs.org/npm 753ms
17 http fetch GET 200 https://registry.npmjs.org/@react-native-async-storage%2fasync-storage 378ms (cache miss)
18 silly packumentCache full:https://registry.npmjs.org/@react-native-async-storage%2fasync-storage set size:undefined disposed:false
19 silly fetch manifest react@19.2.3
20 silly packumentCache full:https://registry.npmjs.org/react cache-miss
21 http fetch GET 200 https://registry.npmjs.org/react 279ms (cache miss)
22 silly packumentCache full:https://registry.npmjs.org/react set size:undefined disposed:false
23 silly fetch manifest react-native@0.85.3
24 silly packumentCache full:https://registry.npmjs.org/react-native cache-miss
25 http fetch GET 200 https://registry.npmjs.org/react-native 257ms (cache miss)
26 silly packumentCache full:https://registry.npmjs.org/react-native set size:undefined disposed:false
27 silly fetch manifest @react-native/jest-preset@0.85.3
28 silly packumentCache full:https://registry.npmjs.org/@react-native%2fjest-preset cache-miss
29 http fetch GET 200 https://registry.npmjs.org/@react-native%2fjest-preset 119ms (cache miss)
30 silly packumentCache full:https://registry.npmjs.org/@react-native%2fjest-preset set size:undefined disposed:false
31 silly fetch manifest @types/react@~19.2.2
32 silly packumentCache full:https://registry.npmjs.org/@types%2freact cache-miss
33 http fetch GET 200 https://registry.npmjs.org/@types%2freact 131ms (cache miss)
34 silly packumentCache full:https://registry.npmjs.org/@types%2freact set size:undefined disposed:false
35 silly placeDep ROOT @react-native-async-storage/async-storage@3.1.1 OK for: marketpulse@1.0.0 want: *
36 silly fetch manifest idb@8.0.3
37 silly packumentCache full:https://registry.npmjs.org/idb cache-miss
38 http fetch GET 200 https://registry.npmjs.org/idb 85ms (cache miss)
39 silly packumentCache full:https://registry.npmjs.org/idb set size:undefined disposed:false
40 silly placeDep ROOT idb@8.0.3 OK for: @react-native-async-storage/async-storage@3.1.1 want: 8.0.3
41 silly reify moves {}
42 silly audit bulk request {
42 silly audit   '@babel/code-frame': [ '7.29.7' ],
42 silly audit   '@babel/compat-data': [ '7.29.7' ],
42 silly audit   '@babel/core': [ '7.29.7' ],
42 silly audit   semver: [ '6.3.1', '7.8.4' ],
42 silly audit   '@babel/generator': [ '7.29.7' ],
42 silly audit   '@babel/helper-annotate-as-pure': [ '7.29.7' ],
42 silly audit   '@babel/helper-compilation-targets': [ '7.29.7' ],
42 silly audit   '@babel/helper-create-class-features-plugin': [ '7.29.7' ],
42 silly audit   '@babel/helper-create-regexp-features-plugin': [ '7.29.7' ],
42 silly audit   '@babel/helper-define-polyfill-provider': [ '0.6.8' ],
42 silly audit   '@babel/helper-globals': [ '7.29.7' ],
42 silly audit   '@babel/helper-member-expression-to-functions': [ '7.29.7' ],
42 silly audit   '@babel/helper-module-imports': [ '7.29.7' ],
42 silly audit   '@babel/helper-module-transforms': [ '7.29.7' ],
42 silly audit   '@babel/helper-optimise-call-expression': [ '7.29.7' ],
42 silly audit   '@babel/helper-plugin-utils': [ '7.29.7' ],
42 silly audit   '@babel/helper-remap-async-to-generator': [ '7.29.7' ],
42 silly audit   '@babel/helper-replace-supers': [ '7.29.7' ],
42 silly audit   '@babel/helper-skip-transparent-expression-wrappers': [ '7.29.7' ],
42 silly audit   '@babel/helper-string-parser': [ '7.29.7' ],
42 silly audit   '@babel/helper-validator-identifier': [ '7.29.7' ],
42 silly audit   '@babel/helper-validator-option': [ '7.29.7' ],
42 silly audit   '@babel/helper-wrap-function': [ '7.29.7' ],
42 silly audit   '@babel/helpers': [ '7.29.7' ],
42 silly audit   '@babel/parser': [ '7.29.7' ],
42 silly audit   '@babel/plugin-proposal-decorators': [ '7.29.7' ],
42 silly audit   '@babel/plugin-proposal-export-default-from': [ '7.29.7' ],
42 silly audit   '@babel/plugin-syntax-decorators': [ '7.29.7' ],
42 silly audit   '@babel/plugin-syntax-dynamic-import': [ '7.8.3' ],
42 silly audit   '@babel/plugin-syntax-export-default-from': [ '7.29.7' ],
42 silly audit   '@babel/plugin-syntax-flow': [ '7.29.7' ],
42 silly audit   '@babel/plugin-syntax-jsx': [ '7.29.7' ],
42 silly audit   '@babel/plugin-syntax-nullish-coalescing-operator': [ '7.8.3' ],
42 silly audit   '@babel/plugin-syntax-optional-chaining': [ '7.8.3' ],
42 silly audit   '@babel/plugin-syntax-typescript': [ '7.29.7' ],
42 silly audit   '@babel/plugin-transform-async-generator-functions': [ '7.29.7' ],
42 silly audit   '@babel/plugin-transform-async-to-generator': [ '7.29.7' ],
42 silly audit   '@babel/plugin-transform-block-scoping': [ '7.29.7' ],
42 silly audit   '@babel/plugin-transform-class-properties': [ '7.29.7' ],
42 silly audit   '@babel/plugin-transform-class-static-block': [ '7.29.7' ],
42 silly audit   '@babel/plugin-transform-classes': [ '7.29.7' ],
42 silly audit   '@babel/plugin-transform-destructuring': [ '7.29.7' ],
42 silly audit   '@babel/plugin-transform-export-namespace-from': [ '7.29.7' ],
42 silly audit   '@babel/plugin-transform-flow-strip-types': [ '7.29.7' ],
42 silly audit   '@babel/plugin-transform-for-of': [ '7.29.7' ],
42 silly audit   '@babel/plugin-transform-logical-assignment-operators': [ '7.29.7' ],
42 silly audit   '@babel/plugin-transform-modules-commonjs': [ '7.29.7' ],
42 silly audit   '@babel/plugin-transform-named-capturing-groups-regex': [ '7.29.7' ],
42 silly audit   '@babel/plugin-transform-nullish-coalescing-operator': [ '7.29.7' ],
42 silly audit   '@babel/plugin-transform-object-rest-spread': [ '7.29.7' ],
42 silly audit   '@babel/plugin-transform-optional-catch-binding': [ '7.29.7' ],
42 silly audit   '@babel/plugin-transform-optional-chaining': [ '7.29.7' ],
42 silly audit   '@babel/plugin-transform-parameters': [ '7.29.7' ],
42 silly audit   '@babel/plugin-transform-private-methods': [ '7.29.7' ],
42 silly audit   '@babel/plugin-transform-private-property-in-object': [ '7.29.7' ],
42 silly audit   '@babel/plugin-transform-react-display-name': [ '7.29.7' ],
42 silly audit   '@babel/plugin-transform-react-jsx': [ '7.29.7' ],
42 silly audit   '@babel/plugin-transform-react-jsx-development': [ '7.29.7' ],
42 silly audit   '@babel/plugin-transform-react-pure-annotations': [ '7.29.7' ],
42 silly audit   '@babel/plugin-transform-runtime': [ '7.29.7' ],
42 silly audit   '@babel/plugin-transform-typescript': [ '7.29.7' ],
42 silly audit   '@babel/plugin-transform-unicode-regex': [ '7.29.7' ],
42 silly audit   '@babel/preset-typescript': [ '7.29.7' ],
42 silly audit   '@babel/runtime': [ '7.29.7' ],
42 silly audit   '@babel/template': [ '7.29.7' ],
42 silly audit   '@babel/traverse': [ '7.29.7' ],
42 silly audit   '@babel/types': [ '7.29.7' ],
42 silly audit   '@expo/code-signing-certificates': [ '0.0.6' ],
42 silly audit   '@expo/config': [ '56.0.9' ],
42 silly audit   '@expo/config-plugins': [ '56.0.8' ],
42 silly audit   '@expo/config-types': [ '56.0.5' ],
42 silly audit   '@expo/devcert': [ '1.2.1' ],
42 silly audit   debug: [ '3.2.7', '2.6.9', '4.4.3' ],
42 silly audit   '@expo/devtools': [ '56.0.2' ],
42 silly audit   '@expo/env': [ '2.3.0' ],
42 silly audit   '@expo/expo-modules-macros-plugin': [ '0.0.9' ],
42 silly audit   '@expo/fingerprint': [ '0.19.4' ],
42 silly audit   '@expo/image-utils': [ '0.10.1' ],
42 silly audit   '@expo/inline-modules': [ '0.0.11' ],
42 silly audit   '@expo/json-file': [ '10.2.0' ],
42 silly audit   '@expo/local-build-cache-provider': [ '56.0.8' ],
42 silly audit   '@expo/metro': [ '56.0.0' ],
42 silly audit   '@expo/metro-file-map': [ '56.0.3' ],
42 silly audit   '@expo/osascript': [ '2.6.0' ],
42 silly audit   '@expo/package-manager': [ '1.12.1' ],
42 silly audit   '@expo/plist': [ '0.7.0' ],
42 silly audit   '@expo/prebuild-config': [ '56.0.15' ],
42 silly audit   '@expo/require-utils': [ '56.1.3' ],
42 silly audit   '@expo/schema-utils': [ '56.0.1' ],
42 silly audit   '@expo/sdk-runtime-versions': [ '1.0.0' ],
42 silly audit   '@expo/spawn-async': [ '1.8.0' ],
42 silly audit   '@expo/sudo-prompt': [ '9.3.2' ],
42 silly audit   '@expo/ws-tunnel': [ '1.0.6' ],
42 silly audit   '@expo/xcpretty': [ '4.4.4' ],
42 silly audit   '@isaacs/ttlcache': [ '1.4.1' ],
42 silly audit   '@jest/schemas': [ '29.6.3' ],
42 silly audit   '@jest/types': [ '29.6.3' ],
42 silly audit   '@jridgewell/gen-mapping': [ '0.3.13' ],
42 silly audit   '@jridgewell/remapping': [ '2.3.5' ],
42 silly audit   '@jridgewell/resolve-uri': [ '3.1.2' ],
42 silly audit   '@jridgewell/source-map': [ '0.3.11' ],
42 silly audit   '@jridgewell/sourcemap-codec': [ '1.5.5' ],
42 silly audit   '@jridgewell/trace-mapping': [ '0.3.31' ],
42 silly audit   '@msgpackr-extract/msgpackr-extract-darwin-arm64': [ '3.0.4' ],
42 silly audit   '@msgpackr-extract/msgpackr-extract-darwin-x64': [ '3.0.4' ],
42 silly audit   '@msgpackr-extract/msgpackr-extract-linux-arm': [ '3.0.4' ],
42 silly audit   '@msgpackr-extract/msgpackr-extract-linux-arm64': [ '3.0.4' ],
42 silly audit   '@msgpackr-extract/msgpackr-extract-linux-x64': [ '3.0.4' ],
42 silly audit   '@msgpackr-extract/msgpackr-extract-win32-x64': [ '3.0.4' ],
42 silly audit   '@react-native/assets-registry': [ '0.85.3' ],
42 silly audit   '@react-native/babel-plugin-codegen': [ '0.85.3' ],
42 silly audit   '@react-native/codegen': [ '0.85.3' ],
42 silly audit   'hermes-estree': [ '0.33.3', '0.35.0' ],
42 silly audit   'hermes-parser': [ '0.33.3', '0.35.0' ],
42 silly audit   '@react-native/community-cli-plugin': [ '0.85.3' ],
42 silly audit   '@react-native/debugger-frontend': [ '0.85.3' ],
42 silly audit   '@react-native/debugger-shell': [ '0.85.3' ],
42 silly audit   '@react-native/dev-middleware': [ '0.85.3' ],
42 silly audit   '@react-native/gradle-plugin': [ '0.85.3' ],
42 silly audit   '@react-native/js-polyfills': [ '0.85.3' ],
42 silly audit   '@react-native/normalize-colors': [ '0.85.3' ],
42 silly audit   '@react-native/virtualized-lists': [ '0.85.3' ],
42 silly audit   '@sinclair/typebox': [ '0.27.10' ],
42 silly audit   '@types/istanbul-lib-coverage': [ '2.0.6' ],
42 silly audit   '@types/istanbul-lib-report': [ '3.0.3' ],
42 silly audit   '@types/istanbul-reports': [ '3.0.4' ],
42 silly audit   '@types/node': [ '25.9.2' ],
42 silly audit   '@types/react': [ '19.2.17' ],
42 silly audit   '@types/yargs': [ '17.0.35' ],
42 silly audit   '@types/yargs-parser': [ '21.0.3' ],
42 silly audit   '@ungap/structured-clone': [ '1.3.1' ],
42 silly audit   '@xmldom/xmldom': [ '0.8.13', '0.9.10' ],
42 silly audit   'abort-controller': [ '3.0.0' ],
42 silly audit   accepts: [ '2.0.0', '1.3.8' ],
42 silly audit   acorn: [ '8.16.0' ],
42 silly audit   'agent-base': [ '7.1.4' ],
42 silly audit   anser: [ '1.4.10' ],
42 silly audit   'ansi-escapes': [ '4.3.2' ],
42 silly audit   'type-fest': [ '0.21.3', '0.7.1' ],
42 silly audit   'ansi-regex': [ '5.0.1', '4.1.1' ],
42 silly audit   'ansi-styles': [ '4.3.0', '3.2.1', '5.2.0' ],
42 silly audit   arg: [ '5.0.2' ],
42 silly audit   argparse: [ '2.0.1' ],
42 silly audit   asap: [ '2.0.6' ],
42 silly audit   'babel-plugin-polyfill-corejs2': [ '0.4.17' ],
42 silly audit   'babel-plugin-polyfill-corejs3': [ '0.13.0' ],
42 silly audit   'babel-plugin-polyfill-regenerator': [ '0.6.8' ],
42 silly audit   'babel-plugin-react-compiler': [ '1.0.0' ],
42 silly audit   'babel-plugin-react-native-web': [ '0.21.2' ],
42 silly audit   'babel-plugin-syntax-hermes-parser': [ '0.33.3' ],
42 silly audit   'babel-plugin-transform-flow-enums': [ '0.0.2' ],
42 silly audit   'balanced-match': [ '4.0.4' ],
42 silly audit   'base64-js': [ '1.5.1' ],
42 silly audit   'baseline-browser-mapping': [ '2.10.35' ],
42 silly audit   'big-integer': [ '1.6.52' ],
42 silly audit   'bplist-creator': [ '0.1.0' ],
42 silly audit   'bplist-parser': [ '0.3.1' ],
42 silly audit   'brace-expansion': [ '5.0.6' ],
42 silly audit   braces: [ '3.0.3' ],
42 silly audit   browserslist: [ '4.28.2' ],
42 silly audit   bser: [ '2.1.1' ],
42 silly audit   'buffer-from': [ '1.1.2' ],
42 silly audit   bytes: [ '3.1.2' ],
42 silly audit   camelcase: [ '6.3.0' ],
42 silly audit   'caniuse-lite': [ '1.0.30001797' ],
42 silly audit   chalk: [ '4.1.2', '2.4.2' ],
42 silly audit   'chrome-launcher': [ '0.15.2' ],
42 silly audit   'chromium-edge-launcher': [ '0.3.0' ],
42 silly audit   'ci-info': [ '2.0.0', '3.9.0' ],
42 silly audit   'cli-cursor': [ '2.1.0' ],
42 silly audit   'cli-spinners': [ '2.9.2' ],
42 silly audit   cliui: [ '8.0.1' ],
42 silly audit   clone: [ '1.0.4' ],
42 silly audit   'color-convert': [ '2.0.1', '1.9.3' ],
42 silly audit   'color-name': [ '1.1.4', '1.1.3' ],
42 silly audit   commander: [ '7.2.0', '12.1.0', '2.20.3' ],
42 silly audit   compressible: [ '2.0.18' ],
42 silly audit   compression: [ '1.8.1' ],
42 silly audit   ms: [ '2.0.0', '2.1.3' ],
42 silly audit   negotiator: [ '0.6.4', '0.6.3', '1.0.0' ],
42 silly audit   connect: [ '3.7.0' ],
42 silly audit   'convert-source-map': [ '2.0.0' ],
42 silly audit   'core-js-compat': [ '3.49.0' ],
42 silly audit   'cross-spawn': [ '7.0.6' ],
42 silly audit   csstype: [ '3.2.3' ],
42 silly audit   deepmerge: [ '4.3.1' ],
42 silly audit   defaults: [ '1.0.4' ],
42 silly audit   depd: [ '2.0.0' ],
42 silly audit   destroy: [ '1.2.0' ],
42 silly audit   'detect-libc': [ '2.1.2' ],
42 silly audit   'dnssd-advertise': [ '1.1.4' ],
42 silly audit   'ee-first': [ '1.1.1' ],
42 silly audit   'electron-to-chromium': [ '1.5.371' ],
42 silly audit   'emoji-regex': [ '8.0.0' ],
42 silly audit   encodeurl: [ '1.0.2', '2.0.0' ],
42 silly audit   'error-stack-parser': [ '2.1.4' ],
42 silly audit   'es-errors': [ '1.3.0' ],
42 silly audit   escalade: [ '3.2.0' ],
42 silly audit   'escape-html': [ '1.0.3' ],
42 silly audit   'escape-string-regexp': [ '4.0.0', '1.0.5' ],
42 silly audit   etag: [ '1.8.1' ],
42 silly audit   'event-target-shim': [ '5.0.1' ],
42 silly audit   expo: [ '56.0.9' ],
42 silly audit   'expo-modules-autolinking': [ '56.0.15' ],
42 silly audit   'expo-modules-core': [ '56.0.15' ],
42 silly audit   'expo-modules-jsi': [ '56.0.8' ],
42 silly audit   'expo-server': [ '56.0.5' ],
42 silly audit   'expo-status-bar': [ '56.0.4' ],
42 silly audit   '@expo/cli': [ '56.1.14' ],
42 silly audit   '@expo/router-server': [ '56.0.13' ],
42 silly audit   '@expo/dom-webview': [ '56.0.5' ],
42 silly audit   '@expo/log-box': [ '56.0.12' ],
42 silly audit   '@expo/metro-config': [ '56.0.13' ],
42 silly audit   'babel-preset-expo': [ '56.0.14' ],
42 silly audit   'expo-asset': [ '56.0.16' ],
42 silly audit   'expo-constants': [ '56.0.17' ],
42 silly audit   'expo-file-system': [ '56.0.7' ],
42 silly audit   'expo-font': [ '56.0.5' ],
42 silly audit   'expo-keep-awake': [ '56.0.3' ],
42 silly audit   'mime-db': [ '1.52.0', '1.54.0' ],
42 silly audit   'mime-types': [ '2.1.35', '3.0.2' ],
42 silly audit   picomatch: [ '4.0.4', '2.3.2' ],
42 silly audit   ws: [ '8.21.0', '7.5.11' ],
42 silly audit   'exponential-backoff': [ '3.1.3' ],
42 silly audit   'fb-dotslash': [ '0.5.8' ],
42 silly audit   'fb-watchman': [ '2.0.2' ],
42 silly audit   'fetch-nodeshim': [ '0.4.10' ],
42 silly audit   'fill-range': [ '7.1.1' ],
42 silly audit   finalhandler: [ '1.1.2' ],
42 silly audit   'flow-enums-runtime': [ '0.0.6' ],
42 silly audit   fontfaceobserver: [ '2.3.0' ],
42 silly audit   fresh: [ '0.5.2' ],
42 silly audit   'function-bind': [ '1.1.2' ],
42 silly audit   gensync: [ '1.0.0-beta.2' ],
42 silly audit   'get-caller-file': [ '2.0.5' ],
42 silly audit   getenv: [ '2.0.0' ],
42 silly audit   glob: [ '13.0.6' ],
42 silly audit   'graceful-fs': [ '4.2.11' ],
42 silly audit   'has-flag': [ '4.0.0', '3.0.0' ],
42 silly audit   hasown: [ '2.0.4' ],
42 silly audit   'hermes-compiler': [ '250829098.0.10' ],
42 silly audit   'hosted-git-info': [ '7.0.2' ],
42 silly audit   'lru-cache': [ '10.4.3', '5.1.1', '11.5.1' ],
42 silly audit   'http-errors': [ '2.0.1' ],
42 silly audit   statuses: [ '2.0.2', '1.5.0' ],
42 silly audit   'https-proxy-agent': [ '7.0.6' ],
42 silly audit   ignore: [ '5.3.2' ],
42 silly audit   'image-size': [ '1.2.1' ],
42 silly audit   inherits: [ '2.0.4' ],
42 silly audit   invariant: [ '2.2.4' ],
42 silly audit   'is-core-module': [ '2.16.2' ],
42 silly audit   'is-docker': [ '2.2.1' ],
42 silly audit   'is-fullwidth-code-point': [ '3.0.0' ],
42 silly audit   'is-number': [ '7.0.0' ],
42 silly audit   'is-wsl': [ '2.2.0' ],
42 silly audit   isexe: [ '2.0.0' ],
42 silly audit   'jest-get-type': [ '29.6.3' ],
42 silly audit   'jest-util': [ '29.7.0' ],
42 silly audit   'jest-validate': [ '29.7.0' ],
42 silly audit   'jest-worker': [ '29.7.0' ],
42 silly audit   'supports-color': [ '8.1.1', '5.5.0', '7.2.0' ],
42 silly audit   'jimp-compact': [ '0.16.1' ],
42 silly audit   'js-tokens': [ '4.0.0' ],
42 silly audit   'js-yaml': [ '4.2.0' ],
42 silly audit   'jsc-safe-url': [ '0.2.4' ],
42 silly audit   jsesc: [ '3.1.0' ],
42 silly audit   json5: [ '2.2.3' ],
42 silly audit   kleur: [ '3.0.3' ],
42 silly audit   'lan-network': [ '0.2.1' ],
42 silly audit   leven: [ '3.1.0' ],
42 silly audit   'lighthouse-logger': [ '1.4.2' ],
42 silly audit   lightningcss: [ '1.32.0' ],
42 silly audit   'lightningcss-android-arm64': [ '1.32.0' ],
42 silly audit   'lightningcss-darwin-arm64': [ '1.32.0' ],
42 silly audit   'lightningcss-darwin-x64': [ '1.32.0' ],
42 silly audit   'lightningcss-freebsd-x64': [ '1.32.0' ],
42 silly audit   'lightningcss-linux-arm-gnueabihf': [ '1.32.0' ],
42 silly audit   'lightningcss-linux-arm64-gnu': [ '1.32.0' ],
42 silly audit   'lightningcss-linux-arm64-musl': [ '1.32.0' ],
42 silly audit   'lightningcss-linux-x64-gnu': [ '1.32.0' ],
42 silly audit   'lightningcss-linux-x64-musl': [ '1.32.0' ],
42 silly audit   'lightningcss-win32-arm64-msvc': [ '1.32.0' ],
42 silly audit   'lightningcss-win32-x64-msvc': [ '1.32.0' ],
42 silly audit   'lodash.debounce': [ '4.0.8' ],
42 silly audit   'lodash.throttle': [ '4.1.1' ],
42 silly audit   'log-symbols': [ '2.2.0' ],
42 silly audit   'loose-envify': [ '1.4.0' ],
42 silly audit   makeerror: [ '1.0.12' ],
42 silly audit   marky: [ '1.3.0' ],
42 silly audit   'memoize-one': [ '5.2.1' ],
42 silly audit   'merge-stream': [ '2.0.0' ],
42 silly audit   metro: [ '0.84.4' ],
42 silly audit   'metro-babel-transformer': [ '0.84.4' ],
42 silly audit   'metro-cache': [ '0.84.4' ],
42 silly audit   'metro-cache-key': [ '0.84.4' ],
42 silly audit   'metro-config': [ '0.84.4' ],
42 silly audit   'metro-core': [ '0.84.4' ],
42 silly audit   'metro-file-map': [ '0.84.4' ],
42 silly audit   'metro-minify-terser': [ '0.84.4' ],
42 silly audit   'metro-resolver': [ '0.84.4' ],
42 silly audit   'metro-runtime': [ '0.84.4' ],
42 silly audit   'metro-source-map': [ '0.84.4' ],
42 silly audit   'metro-symbolicate': [ '0.84.4' ],
42 silly audit   'metro-transform-plugins': [ '0.84.4' ],
42 silly audit   'metro-transform-worker': [ '0.84.4' ],
42 silly audit   micromatch: [ '4.0.8' ],
42 silly audit   mime: [ '1.6.0' ],
42 silly audit   'mimic-fn': [ '1.2.0' ],
42 silly audit   minimatch: [ '10.2.5' ],
42 silly audit   minipass: [ '7.1.3' ],
42 silly audit   mkdirp: [ '1.0.4' ],
42 silly audit   msgpackr: [ '2.0.4' ],
42 silly audit   'msgpackr-extract': [ '3.0.4' ],
42 silly audit   multitars: [ '1.0.0' ],
42 silly audit   nanoid: [ '3.3.12' ],
42 silly audit   'node-forge': [ '1.4.0' ],
42 silly audit   'node-gyp-build-optional-packages': [ '5.2.2' ],
42 silly audit   'node-int64': [ '0.4.0' ],
42 silly audit   'node-releases': [ '2.0.47' ],
42 silly audit   'npm-package-arg': [ '11.0.3' ],
42 silly audit   nullthrows: [ '1.1.1' ],
42 silly audit   ob1: [ '0.84.4' ],
42 silly audit   'on-finished': [ '2.3.0', '2.4.1' ],
42 silly audit   'on-headers': [ '1.1.0' ],
42 silly audit   onetime: [ '2.0.1' ],
42 silly audit   open: [ '7.4.2' ],
42 silly audit   ora: [ '3.4.0' ],
42 silly audit   'strip-ansi': [ '5.2.0', '6.0.1' ],
42 silly audit   'parse-png': [ '2.1.0' ],
42 silly audit   parseurl: [ '1.3.3' ],
42 silly audit   'path-key': [ '3.1.1' ],
42 silly audit   'path-parse': [ '1.0.7' ],
42 silly audit   'path-scurry': [ '2.0.2' ],
42 silly audit   picocolors: [ '1.1.1' ],
42 silly audit   plist: [ '3.1.1' ],
42 silly audit   pngjs: [ '3.4.0' ],
42 silly audit   postcss: [ '8.5.15' ],
42 silly audit   'pretty-format': [ '29.7.0' ],
42 silly audit   'proc-log': [ '4.2.0' ],
42 silly audit   progress: [ '2.0.3' ],
42 silly audit   promise: [ '8.3.0' ],
42 silly audit   prompts: [ '2.4.2' ],
42 silly audit   queue: [ '6.0.2' ],
42 silly audit   'range-parser': [ '1.2.1' ],
42 silly audit   react: [ '19.2.3' ],
42 silly audit   'react-devtools-core': [ '6.1.5' ],
42 silly audit   'react-is': [ '18.3.1' ],
42 silly audit   'react-native': [ '0.85.3' ],
42 silly audit   'react-refresh': [ '0.14.2' ],
42 silly audit   regenerate: [ '1.4.2' ],
42 silly audit   'regenerate-unicode-properties': [ '10.2.2' ],
42 silly audit   'regenerator-runtime': [ '0.13.11' ],
42 silly audit   'regexpu-core': [ '6.4.0' ],
42 silly audit   regjsgen: [ '0.8.0' ],
42 silly audit   regjsparser: [ '0.13.1' ],
42 silly audit   'require-directory': [ '2.1.1' ],
42 silly audit   resolve: [ '1.22.12' ],
42 silly audit   'resolve-from': [ '5.0.0' ],
42 silly audit   'resolve-workspace-root': [ '2.0.1' ],
42 silly audit   'restore-cursor': [ '2.0.0' ],
42 silly audit   'safe-buffer': [ '5.2.1' ],
42 silly audit   sax: [ '1.6.0' ],
42 silly audit   scheduler: [ '0.27.0' ],
42 silly audit   send: [ '0.19.2' ],
42 silly audit   'serialize-error': [ '2.1.0' ],
42 silly audit   'serve-static': [ '1.16.3' ],
42 silly audit   setprototypeof: [ '1.2.0' ],
42 silly audit   'shebang-command': [ '2.0.0' ],
42 silly audit   'shebang-regex': [ '3.0.0' ],
42 silly audit   'shell-quote': [ '1.8.4' ],
42 silly audit   'signal-exit': [ '3.0.7' ],
42 silly audit   'simple-plist': [ '1.3.1' ],
42 silly audit   sisteransi: [ '1.0.5' ],
42 silly audit   slugify: [ '1.6.9' ],
42 silly audit   'source-map': [ '0.5.7', '0.6.1' ],
42 silly audit   'source-map-js': [ '1.2.1' ],
42 silly audit   'source-map-support': [ '0.5.21' ],
42 silly audit   stackframe: [ '1.3.4' ],
42 silly audit   'stacktrace-parser': [ '0.1.11' ],
42 silly audit   'stream-buffers': [ '2.2.0' ],
42 silly audit   'string-width': [ '4.2.3' ],
42 silly audit   'structured-headers': [ '0.4.1' ],
42 silly audit   'supports-hyperlinks': [ '2.3.0' ],
42 silly audit   'supports-preserve-symlinks-flag': [ '1.0.0' ],
42 silly audit   'terminal-link': [ '2.1.1' ],
42 silly audit   terser: [ '5.48.0' ],
42 silly audit   throat: [ '5.0.0' ],
42 silly audit   tinyglobby: [ '0.2.17' ],
42 silly audit   fdir: [ '6.5.0' ],
42 silly audit   tmpl: [ '1.0.5' ],
42 silly audit   'to-regex-range': [ '5.0.1' ],
42 silly audit   toidentifier: [ '1.0.1' ],
42 silly audit   toqr: [ '0.1.1' ],
42 silly audit   typescript: [ '6.0.3' ],
42 silly audit   'undici-types': [ '7.24.6' ],
42 silly audit   'unicode-canonical-property-names-ecmascript': [ '2.0.1' ],
42 silly audit   'unicode-match-property-ecmascript': [ '2.0.0' ],
42 silly audit   'unicode-match-property-value-ecmascript': [ '2.2.1' ],
42 silly audit   'unicode-property-aliases-ecmascript': [ '2.2.0' ],
42 silly audit   unpipe: [ '1.0.0' ],
42 silly audit   'update-browserslist-db': [ '1.2.3' ],
42 silly audit   'utils-merge': [ '1.0.1' ],
42 silly audit   uuid: [ '7.0.3' ],
42 silly audit   'validate-npm-package-name': [ '5.0.1' ],
42 silly audit   vary: [ '1.1.2' ],
42 silly audit   vlq: [ '1.0.1' ],
42 silly audit   walker: [ '1.0.8' ],
42 silly audit   wcwidth: [ '1.0.1' ],
42 silly audit   'whatwg-fetch': [ '3.6.20' ],
42 silly audit   'whatwg-url-minimum': [ '0.1.2' ],
42 silly audit   which: [ '2.0.2' ],
42 silly audit   'wrap-ansi': [ '7.0.0' ],
42 silly audit   xcode: [ '3.0.1' ],
42 silly audit   xml2js: [ '0.6.0' ],
42 silly audit   xmlbuilder: [ '11.0.1', '15.1.1' ],
42 silly audit   y18n: [ '5.0.8' ],
42 silly audit   yallist: [ '3.1.1' ],
42 silly audit   yaml: [ '2.9.0' ],
42 silly audit   yargs: [ '17.7.2' ],
42 silly audit   'yargs-parser': [ '21.1.1' ],
42 silly audit   zod: [ '3.25.76' ],
42 silly audit   '@react-native-async-storage/async-storage': [ '3.1.1' ],
42 silly audit   idb: [ '8.0.3' ]
42 silly audit }
43 http cache idb@https://registry.npmjs.org/idb/-/idb-8.0.3.tgz 0ms (cache hit)
44 http cache @react-native-async-storage/async-storage@https://registry.npmjs.org/@react-native-async-storage/async-storage/-/async-storage-3.1.1.tgz 0ms (cache hit)
45 silly tarball no local data for idb@https://registry.npmjs.org/idb/-/idb-8.0.3.tgz. Extracting by manifest.
46 silly tarball no local data for @react-native-async-storage/async-storage@https://registry.npmjs.org/@react-native-async-storage/async-storage/-/async-storage-3.1.1.tgz. Extracting by manifest.
47 http fetch GET 200 https://registry.npmjs.org/idb/-/idb-8.0.3.tgz 108ms (cache miss)
48 http fetch POST 200 https://registry.npmjs.org/-/npm/v1/security/advisories/bulk 240ms
49 silly audit report {
49 silly audit report   uuid: [
49 silly audit report     {
49 silly audit report       id: 1119441,
49 silly audit report       url: 'https://github.com/advisories/GHSA-w5hq-g745-h8pq',
49 silly audit report       title: 'uuid: Missing buffer bounds check in v3/v5/v6 when buf is provided',
49 silly audit report       severity: 'moderate',
49 silly audit report       vulnerable_versions: '<11.1.1',
49 silly audit report       cwe: [Array],
49 silly audit report       cvss: [Object]
49 silly audit report     }
49 silly audit report   ]
49 silly audit report }
50 silly packumentCache corgi:https://registry.npmjs.org/uuid cache-miss
51 http fetch GET 200 https://registry.npmjs.org/uuid 66ms (cache miss)
52 silly packumentCache corgi:https://registry.npmjs.org/uuid set size:undefined disposed:false
53 silly packumentCache corgi:https://registry.npmjs.org/xcode cache-miss
54 http fetch GET 200 https://registry.npmjs.org/xcode 852ms (cache miss)
55 silly packumentCache corgi:https://registry.npmjs.org/xcode set size:undefined disposed:false
56 silly packumentCache corgi:https://registry.npmjs.org/@expo%2fconfig-plugins cache-miss
57 http fetch GET 200 https://registry.npmjs.org/@expo%2fconfig-plugins 112ms (cache miss)
58 silly packumentCache corgi:https://registry.npmjs.org/@expo%2fconfig-plugins set size:undefined disposed:false
59 silly packumentCache corgi:https://registry.npmjs.org/@expo%2fconfig cache-miss
60 silly packumentCache corgi:https://registry.npmjs.org/@expo%2finline-modules cache-miss
61 silly packumentCache corgi:https://registry.npmjs.org/@expo%2fprebuild-config cache-miss
62 silly packumentCache corgi:https://registry.npmjs.org/expo cache-miss
63 silly packumentCache corgi:https://registry.npmjs.org/@expo%2fcli cache-miss
64 http fetch GET 200 https://registry.npmjs.org/@expo%2fconfig 96ms (cache miss)
65 silly packumentCache corgi:https://registry.npmjs.org/@expo%2fconfig set size:undefined disposed:false
66 http fetch GET 200 https://registry.npmjs.org/@expo%2finline-modules 222ms (cache miss)
67 silly packumentCache corgi:https://registry.npmjs.org/@expo%2finline-modules set size:undefined disposed:false
68 http fetch GET 200 https://registry.npmjs.org/@expo%2fprebuild-config 279ms (cache miss)
69 silly packumentCache corgi:https://registry.npmjs.org/@expo%2fprebuild-config set size:undefined disposed:false
70 http fetch GET 200 https://registry.npmjs.org/@expo%2fcli 370ms (cache miss)
71 silly packumentCache corgi:https://registry.npmjs.org/@expo%2fcli set size:undefined disposed:false
72 http fetch GET 200 https://registry.npmjs.org/expo 455ms (cache miss)
73 silly packumentCache corgi:https://registry.npmjs.org/expo set size:undefined disposed:false
74 silly packumentCache corgi:https://registry.npmjs.org/@expo%2flocal-build-cache-provider cache-miss
75 silly packumentCache corgi:https://registry.npmjs.org/@expo%2fmetro-config cache-miss
76 http fetch GET 200 https://registry.npmjs.org/@expo%2flocal-build-cache-provider 271ms (cache miss)
77 silly packumentCache corgi:https://registry.npmjs.org/@expo%2flocal-build-cache-provider set size:undefined disposed:false
78 http fetch GET 200 https://registry.npmjs.org/@expo%2fmetro-config 300ms (cache miss)
79 silly packumentCache corgi:https://registry.npmjs.org/@expo%2fmetro-config set size:undefined disposed:false
80 silly packumentCache corgi:https://registry.npmjs.org/expo-status-bar cache-miss
81 silly packumentCache corgi:https://registry.npmjs.org/@expo%2frouter-server cache-miss
82 silly packumentCache corgi:https://registry.npmjs.org/@expo%2fdom-webview cache-miss
83 silly packumentCache corgi:https://registry.npmjs.org/@expo%2flog-box cache-miss
84 silly packumentCache corgi:https://registry.npmjs.org/babel-preset-expo cache-miss
85 silly packumentCache corgi:https://registry.npmjs.org/expo-asset cache-miss
86 silly packumentCache corgi:https://registry.npmjs.org/expo-constants cache-miss
87 silly packumentCache corgi:https://registry.npmjs.org/expo-file-system cache-miss
88 silly packumentCache corgi:https://registry.npmjs.org/expo-font cache-miss
89 silly packumentCache corgi:https://registry.npmjs.org/expo-keep-awake cache-miss
90 http fetch GET 200 https://registry.npmjs.org/@react-native-async-storage/async-storage/-/async-storage-3.1.1.tgz 3139ms (cache miss)
91 http fetch GET 200 https://registry.npmjs.org/babel-preset-expo 394ms (cache miss)
92 silly packumentCache corgi:https://registry.npmjs.org/babel-preset-expo set size:undefined disposed:false
93 http fetch GET 200 https://registry.npmjs.org/expo-asset 702ms (cache miss)
94 silly packumentCache corgi:https://registry.npmjs.org/expo-asset set size:undefined disposed:false
95 http fetch GET 200 https://registry.npmjs.org/@expo%2fdom-webview 1040ms (cache miss)
96 silly packumentCache corgi:https://registry.npmjs.org/@expo%2fdom-webview set size:undefined disposed:false
97 http fetch GET 200 https://registry.npmjs.org/expo-status-bar 1072ms (cache miss)
98 silly packumentCache corgi:https://registry.npmjs.org/expo-status-bar set size:undefined disposed:false
99 http fetch GET 200 https://registry.npmjs.org/@expo%2flog-box 1114ms (cache miss)
100 silly packumentCache corgi:https://registry.npmjs.org/@expo%2flog-box set size:undefined disposed:false
101 http fetch GET 200 https://registry.npmjs.org/@expo%2frouter-server 1134ms (cache miss)
102 silly packumentCache corgi:https://registry.npmjs.org/@expo%2frouter-server set size:undefined disposed:false
103 http fetch GET 200 https://registry.npmjs.org/expo-keep-awake 1184ms (cache miss)
104 silly packumentCache corgi:https://registry.npmjs.org/expo-keep-awake set size:undefined disposed:false
105 http fetch GET 200 https://registry.npmjs.org/expo-constants 1233ms (cache miss)
106 silly packumentCache corgi:https://registry.npmjs.org/expo-constants set size:undefined disposed:false
107 http fetch GET 200 https://registry.npmjs.org/expo-file-system 1292ms (cache miss)
108 silly packumentCache corgi:https://registry.npmjs.org/expo-file-system set size:undefined disposed:false
109 http fetch GET 200 https://registry.npmjs.org/expo-font 1356ms (cache miss)
110 silly packumentCache corgi:https://registry.npmjs.org/expo-font set size:undefined disposed:false
111 silly ADD node_modules/idb
112 silly ADD node_modules/@react-native-async-storage/async-storage
113 verbose cwd C:\Users\Norman\Documents\MarketPulse
114 verbose os Windows_NT 10.0.19045
115 verbose node v24.16.0
116 verbose npm  v11.13.0
117 notice
117 notice New minor version of npm available! 11.13.0 -> 11.16.0
117 notice Changelog: https://github.com/npm/cli/releases/tag/v11.16.0
117 notice To update run: npm install -g npm@11.16.0
117 notice  { force: true, Symbol(proc-log.meta): true }
118 verbose exit 0
119 info ok
